<?xml version="1.0" encoding="UTF-8"?>
<coverage generated="1568208682149" clover="3.2.0">
  <project timestamp="1568208682149" name="All files">
    <metrics statements="0" coveredstatements="0" conditionals="0" coveredconditionals="0" methods="0" coveredmethods="0" elements="0" coveredelements="0" complexity="0" loc="0" ncloc="0" packages="1" files="3" classes="3"/>
    <file name="comments.js" path="/home/ajagunna/Desktop/blogApp/server/dummyDB/comments.js">
      <metrics statements="0" coveredstatements="0" conditionals="0" coveredconditionals="0" methods="0" coveredmethods="0"/>
    </file>
    <file name="posts.js" path="/home/ajagunna/Desktop/blogApp/server/dummyDB/posts.js">
      <metrics statements="0" coveredstatements="0" conditionals="0" coveredconditionals="0" methods="0" coveredmethods="0"/>
    </file>
    <file name="users.js" path="/home/ajagunna/Desktop/blogApp/server/dummyDB/users.js">
      <metrics statements="0" coveredstatements="0" conditionals="0" coveredconditionals="0" methods="0" coveredmethods="0"/>
    </file>
  </project>
</coverage>
