{"/home/ajagunna/Desktop/blogApp/server/dummyDB/comments.js": {"path":"/home/ajagunna/Desktop/blogApp/server/dummyDB/comments.js","statementMap":{},"fnMap":{},"branchMap":{},"s":{},"f":{},"b":{},"hash":"dfd36116b09985ada899549c2cb8a3e1e4ec9b96"}
,"/home/ajagunna/Desktop/blogApp/server/dummyDB/posts.js": {"path":"/home/ajagunna/Desktop/blogApp/server/dummyDB/posts.js","statementMap":{},"fnMap":{},"branchMap":{},"s":{},"f":{},"b":{},"hash":"8f05715a52c2b9c8dbf021f1d7f675f707158a65"}
,"/home/ajagunna/Desktop/blogApp/server/dummyDB/users.js": {"path":"/home/ajagunna/Desktop/blogApp/server/dummyDB/users.js","statementMap":{},"fnMap":{},"branchMap":{},"s":{},"f":{},"b":{},"hash":"e55a637f144a0161cf4d601b5ab98374d3db6d8c"}
}
